--2020-06-05 10:05:12--  https://npdeloss.github.io/meirlop/notebooks/archived_data/dhs.dnase.covariates.tsv
Resolving npdeloss.github.io (npdeloss.github.io)... 185.199.109.153, 185.199.111.153, 185.199.110.153, ...
Connecting to npdeloss.github.io (npdeloss.github.io)|185.199.109.153|:443... connected.
HTTP request sent, awaiting response... 200 OK
Length: 6768762 (6.5M) [text/tab-separated-values]
Saving to: ‘covariates.tsv’

     0K .......... .......... .......... .......... ..........  0% 5.43M 1s
    50K .......... .......... .......... .......... ..........  1%  211M 1s
   100K .......... .......... .......... .......... ..........  2% 17.7M 1s
   150K .......... .......... .......... .......... ..........  3% 16.8M 0s
   200K .......... .......... .......... .......... ..........  3% 19.5M 0s
   250K .......... .......... .......... .......... ..........  4% 23.6M 0s
   300K .......... .......... .......... .......... ..........  5% 28.1M 0s
   350K .......... .......... .......... .......... ..........  6% 19.8M 0s
   400K .......... .......... .......... .......... ..........  6% 32.8M 0s
   450K .......... .......... .......... .......... ..........  7% 17.5M 0s
   500K .......... .......... .......... .......... ..........  8% 38.3M 0s
   550K .......... .......... .......... .......... ..........  9% 34.2M 0s
   600K .......... .......... .......... .......... ..........  9% 26.0M 0s
   650K .......... .......... .......... .......... .......... 10% 40.8M 0s
   700K .......... .......... .......... .......... .......... 11% 23.5M 0s
   750K .......... .......... .......... .......... .......... 12% 63.7M 0s
   800K .......... .......... .......... .......... .......... 12% 23.3M 0s
   850K .......... .......... .......... .......... .......... 13% 57.9M 0s
   900K .......... .......... .......... .......... .......... 14% 22.3M 0s
   950K .......... .......... .......... .......... .......... 15% 42.3M 0s
  1000K .......... .......... .......... .......... .......... 15% 32.6M 0s
  1050K .......... .......... .......... .......... .......... 16% 39.1M 0s
  1100K .......... .......... .......... .......... .......... 17% 29.6M 0s
  1150K .......... .......... .......... .......... .......... 18% 57.6M 0s
  1200K .......... .......... .......... .......... .......... 18% 19.5M 0s
  1250K .......... .......... .......... .......... .......... 19%  108M 0s
  1300K .......... .......... .......... .......... .......... 20% 77.7M 0s
  1350K .......... .......... .......... .......... .......... 21% 18.7M 0s
  1400K .......... .......... .......... .......... .......... 21% 70.0M 0s
  1450K .......... .......... .......... .......... .......... 22% 23.0M 0s
  1500K .......... .......... .......... .......... .......... 23%  101M 0s
  1550K .......... .......... .......... .......... .......... 24% 55.2M 0s
  1600K .......... .......... .......... .......... .......... 24% 28.6M 0s
  1650K .......... .......... .......... .......... .......... 25% 53.9M 0s
  1700K .......... .......... .......... .......... .......... 26%  105M 0s
  1750K .......... .......... .......... .......... .......... 27% 28.6M 0s
  1800K .......... .......... .......... .......... .......... 27% 53.6M 0s
  1850K .......... .......... .......... .......... .......... 28% 77.0M 0s
  1900K .......... .......... .......... .......... .......... 29% 25.1M 0s
  1950K .......... .......... .......... .......... .......... 30%  132M 0s
  2000K .......... .......... .......... .......... .......... 31% 74.9M 0s
  2050K .......... .......... .......... .......... .......... 31% 25.1M 0s
  2100K .......... .......... .......... .......... .......... 32% 80.5M 0s
  2150K .......... .......... .......... .......... .......... 33%  114M 0s
  2200K .......... .......... .......... .......... .......... 34%  132M 0s
  2250K .......... .......... .......... .......... .......... 34% 21.8M 0s
  2300K .......... .......... .......... .......... .......... 35%  113M 0s
  2350K .......... .......... .......... .......... .......... 36% 37.3M 0s
  2400K .......... .......... .......... .......... .......... 37% 59.3M 0s
  2450K .......... .......... .......... .......... .......... 37% 64.5M 0s
  2500K .......... .......... .......... .......... .......... 38% 39.0M 0s
  2550K .......... .......... .......... .......... .......... 39% 80.8M 0s
  2600K .......... .......... .......... .......... .......... 40%  113M 0s
  2650K .......... .......... .......... .......... .......... 40% 47.6M 0s
  2700K .......... .......... .......... .......... .......... 41% 36.7M 0s
  2750K .......... .......... .......... .......... .......... 42% 91.8M 0s
  2800K .......... .......... .......... .......... .......... 43% 63.6M 0s
  2850K .......... .......... .......... .......... .......... 43%  129M 0s
  2900K .......... .......... .......... .......... .......... 44% 34.7M 0s
  2950K .......... .......... .......... .......... .......... 45% 93.1M 0s
  3000K .......... .......... .......... .......... .......... 46% 68.6M 0s
  3050K .......... .......... .......... .......... .......... 46% 40.5M 0s
  3100K .......... .......... .......... .......... .......... 47% 58.4M 0s
  3150K .......... .......... .......... .......... .......... 48%  132M 0s
  3200K .......... .......... .......... .......... .......... 49% 71.3M 0s
  3250K .......... .......... .......... .......... .......... 49% 45.1M 0s
  3300K .......... .......... .......... .......... .......... 50% 65.5M 0s
  3350K .......... .......... .......... .......... .......... 51%  117M 0s
  3400K .......... .......... .......... .......... .......... 52% 73.7M 0s
  3450K .......... .......... .......... .......... .......... 52% 44.3M 0s
  3500K .......... .......... .......... .......... .......... 53% 68.2M 0s
  3550K .......... .......... .......... .......... .......... 54% 46.9M 0s
  3600K .......... .......... .......... .......... .......... 55%  111M 0s
  3650K .......... .......... .......... .......... .......... 55% 51.7M 0s
  3700K .......... .......... .......... .......... .......... 56% 74.0M 0s
  3750K .......... .......... .......... .......... .......... 57% 18.5M 0s
  3800K .......... .......... .......... .......... .......... 58% 89.7M 0s
  3850K .......... .......... .......... .......... .......... 59%  117M 0s
  3900K .......... .......... .......... .......... .......... 59% 68.3M 0s
  3950K .......... .......... .......... .......... .......... 60% 80.6M 0s
  4000K .......... .......... .......... .......... .......... 61% 37.3M 0s
  4050K .......... .......... .......... .......... .......... 62% 47.5M 0s
  4100K .......... .......... .......... .......... .......... 62%  130M 0s
  4150K .......... .......... .......... .......... .......... 63%  113M 0s
  4200K .......... .......... .......... .......... .......... 64%  113M 0s
  4250K .......... .......... .......... .......... .......... 65% 87.1M 0s
  4300K .......... .......... .......... .......... .......... 65% 49.4M 0s
  4350K .......... .......... .......... .......... .......... 66%  105M 0s
  4400K .......... .......... .......... .......... .......... 67% 84.3M 0s
  4450K .......... .......... .......... .......... .......... 68%  111M 0s
  4500K .......... .......... .......... .......... .......... 68%  110M 0s
  4550K .......... .......... .......... .......... .......... 69% 53.3M 0s
  4600K .......... .......... .......... .......... .......... 70%  115M 0s
  4650K .......... .......... .......... .......... .......... 71% 65.3M 0s
  4700K .......... .......... .......... .......... .......... 71%  132M 0s
  4750K .......... .......... .......... .......... .......... 72%  107M 0s
  4800K .......... .......... .......... .......... .......... 73% 58.3M 0s
  4850K .......... .......... .......... .......... .......... 74%  100M 0s
  4900K .......... .......... .......... .......... .......... 74% 76.6M 0s
  4950K .......... .......... .......... .......... .......... 75%  145M 0s
  5000K .......... .......... .......... .......... .......... 76%  114M 0s
  5050K .......... .......... .......... .......... .......... 77% 58.8M 0s
  5100K .......... .......... .......... .......... .......... 77%  103M 0s
  5150K .......... .......... .......... .......... .......... 78% 72.2M 0s
  5200K .......... .......... .......... .......... .......... 79%  109M 0s
  5250K .......... .......... .......... .......... .......... 80%  134M 0s
  5300K .......... .......... .......... .......... .......... 80%  109M 0s
  5350K .......... .......... .......... .......... .......... 81% 84.9M 0s
  5400K .......... .......... .......... .......... .......... 82%  117M 0s
  5450K .......... .......... .......... .......... .......... 83% 89.6M 0s
  5500K .......... .......... .......... .......... .......... 83% 92.8M 0s
  5550K .......... .......... .......... .......... .......... 84%  113M 0s
  5600K .......... .......... .......... .......... .......... 85%  104M 0s
  5650K .......... .......... .......... .......... .......... 86% 94.6M 0s
  5700K .......... .......... .......... .......... .......... 86%  124M 0s
  5750K .......... .......... .......... .......... .......... 87%  108M 0s
  5800K .......... .......... .......... .......... .......... 88%  107M 0s
  5850K .......... .......... .......... .......... .......... 89% 80.3M 0s
  5900K .......... .......... .......... .......... .......... 90%  131M 0s
  5950K .......... .......... .......... .......... .......... 90%  113M 0s
  6000K .......... .......... .......... .......... .......... 91%  105M 0s
  6050K .......... .......... .......... .......... .......... 92%  111M 0s
  6100K .......... .......... .......... .......... .......... 93% 82.3M 0s
  6150K .......... .......... .......... .......... .......... 93%  186M 0s
  6200K .......... .......... .......... .......... .......... 94%  113M 0s
  6250K .......... .......... .......... .......... .......... 95% 87.4M 0s
  6300K .......... .......... .......... .......... .......... 96%  109M 0s
  6350K .......... .......... .......... .......... .......... 96%  119M 0s
  6400K .......... .......... .......... .......... .......... 97%  113M 0s
  6450K .......... .......... .......... .......... .......... 98%  113M 0s
  6500K .......... .......... .......... .......... .......... 99%  129M 0s
  6550K .......... .......... .......... .......... .......... 99%  114M 0s
  6600K ..........                                            100%  269M=0.1s

2020-06-05 10:05:12 (50.1 MB/s) - ‘covariates.tsv’ saved [6768762/6768762]

