--2020-06-09 21:19:18--  https://npdeloss.github.io/meirlop/notebooks/archived_data/dhs.h3k27ac_over_h3k27me3_mean.scored.fa
Resolving npdeloss.github.io (npdeloss.github.io)... 185.199.108.153, 185.199.111.153, 185.199.110.153, ...
Connecting to npdeloss.github.io (npdeloss.github.io)|185.199.108.153|:443... connected.
HTTP request sent, awaiting response... 200 OK
Length: 43769827 (42M) [application/octet-stream]
Saving to: ‘scored_fasta.fa’

     0K .......... .......... .......... .......... ..........  0% 8.93M 5s
    50K .......... .......... .......... .......... ..........  0% 8.69M 5s
   100K .......... .......... .......... .......... ..........  0% 13.0M 4s
   150K .......... .......... .......... .......... ..........  0% 10.7M 4s
   200K .......... .......... .......... .......... ..........  0% 11.9M 4s
   250K .......... .......... .......... .......... ..........  0% 11.0M 4s
   300K .......... .......... .......... .......... ..........  0% 9.79M 4s
   350K .......... .......... .......... .......... ..........  0% 13.1M 4s
   400K .......... .......... .......... .......... ..........  1% 7.20M 4s
   450K .......... .......... .......... .......... ..........  1% 6.64M 4s
   500K .......... .......... .......... .......... ..........  1% 40.0M 4s
   550K .......... .......... .......... .......... ..........  1% 9.47M 4s
   600K .......... .......... .......... .......... ..........  1% 17.1M 4s
   650K .......... .......... .......... .......... ..........  1% 10.6M 4s
   700K .......... .......... .......... .......... ..........  1% 13.4M 4s
   750K .......... .......... .......... .......... ..........  1% 10.4M 4s
   800K .......... .......... .......... .......... ..........  1% 13.7M 4s
   850K .......... .......... .......... .......... ..........  2% 7.87M 4s
   900K .......... .......... .......... .......... ..........  2% 11.0M 4s
   950K .......... .......... .......... .......... ..........  2% 14.4M 4s
  1000K .......... .......... .......... .......... ..........  2% 11.6M 4s
  1050K .......... .......... .......... .......... ..........  2% 14.7M 4s
  1100K .......... .......... .......... .......... ..........  2% 12.0M 4s
  1150K .......... .......... .......... .......... ..........  2% 12.5M 4s
  1200K .......... .......... .......... .......... ..........  2% 17.1M 4s
  1250K .......... .......... .......... .......... ..........  3% 10.5M 4s
  1300K .......... .......... .......... .......... ..........  3% 17.4M 4s
  1350K .......... .......... .......... .......... ..........  3% 11.8M 4s
  1400K .......... .......... .......... .......... ..........  3% 16.0M 4s
  1450K .......... .......... .......... .......... ..........  3% 17.4M 3s
  1500K .......... .......... .......... .......... ..........  3% 13.0M 3s
  1550K .......... .......... .......... .......... ..........  3% 15.7M 3s
  1600K .......... .......... .......... .......... ..........  3% 26.7M 3s
  1650K .......... .......... .......... .......... ..........  3% 11.7M 3s
  1700K .......... .......... .......... .......... ..........  4% 17.0M 3s
  1750K .......... .......... .......... .......... ..........  4% 18.0M 3s
  1800K .......... .......... .......... .......... ..........  4% 17.8M 3s
  1850K .......... .......... .......... .......... ..........  4% 17.5M 3s
  1900K .......... .......... .......... .......... ..........  4% 17.6M 3s
  1950K .......... .......... .......... .......... ..........  4% 15.9M 3s
  2000K .......... .......... .......... .......... ..........  4% 17.3M 3s
  2050K .......... .......... .......... .......... ..........  4% 15.2M 3s
  2100K .......... .......... .......... .......... ..........  5% 17.8M 3s
  2150K .......... .......... .......... .......... ..........  5% 29.7M 3s
  2200K .......... .......... .......... .......... ..........  5% 23.6M 3s
  2250K .......... .......... .......... .......... ..........  5% 21.4M 3s
  2300K .......... .......... .......... .......... ..........  5% 18.7M 3s
  2350K .......... .......... .......... .......... ..........  5% 34.3M 3s
  2400K .......... .......... .......... .......... ..........  5% 19.0M 3s
  2450K .......... .......... .......... .......... ..........  5% 15.7M 3s
  2500K .......... .......... .......... .......... ..........  5% 17.6M 3s
  2550K .......... .......... .......... .......... ..........  6% 18.4M 3s
  2600K .......... .......... .......... .......... ..........  6% 32.3M 3s
  2650K .......... .......... .......... .......... ..........  6% 17.8M 3s
  2700K .......... .......... .......... .......... ..........  6% 16.4M 3s
  2750K .......... .......... .......... .......... ..........  6% 17.6M 3s
  2800K .......... .......... .......... .......... ..........  6% 35.2M 3s
  2850K .......... .......... .......... .......... ..........  6% 17.0M 3s
  2900K .......... .......... .......... .......... ..........  6% 22.0M 3s
  2950K .......... .......... .......... .......... ..........  7% 18.0M 3s
  3000K .......... .......... .......... .......... ..........  7% 17.4M 3s
  3050K .......... .......... .......... .......... ..........  7% 55.3M 3s
  3100K .......... .......... .......... .......... ..........  7% 17.7M 3s
  3150K .......... .......... .......... .......... ..........  7% 14.9M 3s
  3200K .......... .......... .......... .......... ..........  7% 17.5M 3s
  3250K .......... .......... .......... .......... ..........  7% 17.0M 3s
  3300K .......... .......... .......... .......... ..........  7% 32.6M 3s
  3350K .......... .......... .......... .......... ..........  7% 16.2M 3s
  3400K .......... .......... .......... .......... ..........  8% 17.5M 3s
  3450K .......... .......... .......... .......... ..........  8% 17.9M 3s
  3500K .......... .......... .......... .......... ..........  8% 38.6M 3s
  3550K .......... .......... .......... .......... ..........  8% 18.1M 3s
  3600K .......... .......... .......... .......... ..........  8% 26.3M 3s
  3650K .......... .......... .......... .......... ..........  8% 29.5M 3s
  3700K .......... .......... .......... .......... ..........  8% 18.6M 3s
  3750K .......... .......... .......... .......... ..........  8% 29.0M 2s
  3800K .......... .......... .......... .......... ..........  9% 17.7M 2s
  3850K .......... .......... .......... .......... ..........  9% 25.5M 2s
  3900K .......... .......... .......... .......... ..........  9% 18.1M 2s
  3950K .......... .......... .......... .......... ..........  9% 25.7M 2s
  4000K .......... .......... .......... .......... ..........  9% 20.4M 2s
  4050K .......... .......... .......... .......... ..........  9% 23.9M 2s
  4100K .......... .......... .......... .......... ..........  9% 13.3M 2s
  4150K .......... .......... .......... .......... ..........  9% 19.6M 2s
  4200K .......... .......... .......... .......... ..........  9% 33.7M 2s
  4250K .......... .......... .......... .......... .......... 10% 24.6M 2s
  4300K .......... .......... .......... .......... .......... 10% 18.1M 2s
  4350K .......... .......... .......... .......... .......... 10% 35.2M 2s
  4400K .......... .......... .......... .......... .......... 10% 28.6M 2s
  4450K .......... .......... .......... .......... .......... 10% 18.7M 2s
  4500K .......... .......... .......... .......... .......... 10% 18.6M 2s
  4550K .......... .......... .......... .......... .......... 10% 18.8M 2s
  4600K .......... .......... .......... .......... .......... 10% 35.9M 2s
  4650K .......... .......... .......... .......... .......... 10% 19.3M 2s
  4700K .......... .......... .......... .......... .......... 11% 27.4M 2s
  4750K .......... .......... .......... .......... .......... 11% 19.3M 2s
  4800K .......... .......... .......... .......... .......... 11% 39.1M 2s
  4850K .......... .......... .......... .......... .......... 11% 17.9M 2s
  4900K .......... .......... .......... .......... .......... 11% 16.8M 2s
  4950K .......... .......... .......... .......... .......... 11% 27.0M 2s
  5000K .......... .......... .......... .......... .......... 11% 18.3M 2s
  5050K .......... .......... .......... .......... .......... 11% 59.8M 2s
  5100K .......... .......... .......... .......... .......... 12% 16.2M 2s
  5150K .......... .......... .......... .......... .......... 12% 24.1M 2s
  5200K .......... .......... .......... .......... .......... 12% 32.4M 2s
  5250K .......... .......... .......... .......... .......... 12% 22.2M 2s
  5300K .......... .......... .......... .......... .......... 12% 26.1M 2s
  5350K .......... .......... .......... .......... .......... 12% 19.2M 2s
  5400K .......... .......... .......... .......... .......... 12% 81.3M 2s
  5450K .......... .......... .......... .......... .......... 12% 20.6M 2s
  5500K .......... .......... .......... .......... .......... 12% 32.8M 2s
  5550K .......... .......... .......... .......... .......... 13% 26.8M 2s
  5600K .......... .......... .......... .......... .......... 13% 31.2M 2s
  5650K .......... .......... .......... .......... .......... 13% 18.8M 2s
  5700K .......... .......... .......... .......... .......... 13% 28.2M 2s
  5750K .......... .......... .......... .......... .......... 13% 20.0M 2s
  5800K .......... .......... .......... .......... .......... 13% 43.6M 2s
  5850K .......... .......... .......... .......... .......... 13% 25.5M 2s
  5900K .......... .......... .......... .......... .......... 13% 38.3M 2s
  5950K .......... .......... .......... .......... .......... 14% 19.9M 2s
  6000K .......... .......... .......... .......... .......... 14% 32.1M 2s
  6050K .......... .......... .......... .......... .......... 14% 17.7M 2s
  6100K .......... .......... .......... .......... .......... 14% 33.1M 2s
  6150K .......... .......... .......... .......... .......... 14% 28.8M 2s
  6200K .......... .......... .......... .......... .......... 14% 40.2M 2s
  6250K .......... .......... .......... .......... .......... 14% 27.9M 2s
  6300K .......... .......... .......... .......... .......... 14% 42.1M 2s
  6350K .......... .......... .......... .......... .......... 14% 27.9M 2s
  6400K .......... .......... .......... .......... .......... 15% 37.4M 2s
  6450K .......... .......... .......... .......... .......... 15% 22.3M 2s
  6500K .......... .......... .......... .......... .......... 15% 20.1M 2s
  6550K .......... .......... .......... .......... .......... 15% 53.8M 2s
  6600K .......... .......... .......... .......... .......... 15% 25.1M 2s
  6650K .......... .......... .......... .......... .......... 15% 48.1M 2s
  6700K .......... .......... .......... .......... .......... 15% 31.1M 2s
  6750K .......... .......... .......... .......... .......... 15% 25.8M 2s
  6800K .......... .......... .......... .......... .......... 16% 24.6M 2s
  6850K .......... .......... .......... .......... .......... 16% 36.9M 2s
  6900K .......... .......... .......... .......... .......... 16% 26.9M 2s
  6950K .......... .......... .......... .......... .......... 16% 19.0M 2s
  7000K .......... .......... .......... .......... .......... 16% 53.9M 2s
  7050K .......... .......... .......... .......... .......... 16% 26.2M 2s
  7100K .......... .......... .......... .......... .......... 16% 65.6M 2s
  7150K .......... .......... .......... .......... .......... 16% 21.4M 2s
  7200K .......... .......... .......... .......... .......... 16% 47.7M 2s
  7250K .......... .......... .......... .......... .......... 17% 19.5M 2s
  7300K .......... .......... .......... .......... .......... 17% 49.7M 2s
  7350K .......... .......... .......... .......... .......... 17% 28.8M 2s
  7400K .......... .......... .......... .......... .......... 17% 24.3M 2s
  7450K .......... .......... .......... .......... .......... 17% 40.5M 2s
  7500K .......... .......... .......... .......... .......... 17% 30.8M 2s
  7550K .......... .......... .......... .......... .......... 17% 39.0M 2s
  7600K .......... .......... .......... .......... .......... 17% 21.7M 2s
  7650K .......... .......... .......... .......... .......... 18% 62.4M 2s
  7700K .......... .......... .......... .......... .......... 18% 25.3M 2s
  7750K .......... .......... .......... .......... .......... 18% 44.3M 2s
  7800K .......... .......... .......... .......... .......... 18% 70.8M 2s
  7850K .......... .......... .......... .......... .......... 18% 21.7M 2s
  7900K .......... .......... .......... .......... .......... 18% 13.4M 2s
  7950K .......... .......... .......... .......... .......... 18%  535M 2s
  8000K .......... .......... .......... .......... .......... 18% 8.94M 2s
  8050K .......... .......... .......... .......... .......... 18%  469M 2s
  8100K .......... .......... .......... .......... .......... 19% 13.6M 2s
  8150K .......... .......... .......... .......... .......... 19% 51.8M 2s
  8200K .......... .......... .......... .......... .......... 19% 22.0M 2s
  8250K .......... .......... .......... .......... .......... 19% 30.6M 2s
  8300K .......... .......... .......... .......... .......... 19% 34.5M 2s
  8350K .......... .......... .......... .......... .......... 19% 20.6M 2s
  8400K .......... .......... .......... .......... .......... 19% 11.6M 2s
  8450K .......... .......... .......... .......... .......... 19%  259M 2s
  8500K .......... .......... .......... .......... .......... 20%  130M 2s
  8550K .......... .......... .......... .......... .......... 20% 29.0M 2s
  8600K .......... .......... .......... .......... .......... 20% 24.8M 2s
  8650K .......... .......... .......... .......... .......... 20% 27.1M 2s
  8700K .......... .......... .......... .......... .......... 20% 21.3M 2s
  8750K .......... .......... .......... .......... .......... 20% 18.4M 2s
  8800K .......... .......... .......... .......... .......... 20% 30.7M 2s
  8850K .......... .......... .......... .......... .......... 20% 17.6M 2s
  8900K .......... .......... .......... .......... .......... 20% 18.5M 2s
  8950K .......... .......... .......... .......... .......... 21% 34.3M 2s
  9000K .......... .......... .......... .......... .......... 21% 19.0M 2s
  9050K .......... .......... .......... .......... .......... 21% 27.4M 2s
  9100K .......... .......... .......... .......... .......... 21% 32.8M 2s
  9150K .......... .......... .......... .......... .......... 21% 19.5M 2s
  9200K .......... .......... .......... .......... .......... 21% 19.4M 2s
  9250K .......... .......... .......... .......... .......... 21% 27.9M 2s
  9300K .......... .......... .......... .......... .......... 21% 21.8M 2s
  9350K .......... .......... .......... .......... .......... 21% 18.3M 2s
  9400K .......... .......... .......... .......... .......... 22% 63.8M 2s
  9450K .......... .......... .......... .......... .......... 22% 19.6M 2s
  9500K .......... .......... .......... .......... .......... 22% 43.6M 2s
  9550K .......... .......... .......... .......... .......... 22% 18.6M 2s
  9600K .......... .......... .......... .......... .......... 22% 82.6M 2s
  9650K .......... .......... .......... .......... .......... 22% 17.1M 2s
  9700K .......... .......... .......... .......... .......... 22% 18.8M 2s
  9750K .......... .......... .......... .......... .......... 22% 52.2M 2s
  9800K .......... .......... .......... .......... .......... 23% 18.7M 2s
  9850K .......... .......... .......... .......... .......... 23% 24.7M 2s
  9900K .......... .......... .......... .......... .......... 23% 34.2M 2s
  9950K .......... .......... .......... .......... .......... 23% 22.2M 2s
 10000K .......... .......... .......... .......... .......... 23% 26.2M 2s
 10050K .......... .......... .......... .......... .......... 23% 17.8M 2s
 10100K .......... .......... .......... .......... .......... 23% 44.2M 2s
 10150K .......... .......... .......... .......... .......... 23% 18.8M 2s
 10200K .......... .......... .......... .......... .......... 23% 86.9M 2s
 10250K .......... .......... .......... .......... .......... 24% 18.5M 2s
 10300K .......... .......... .......... .......... .......... 24% 47.4M 2s
 10350K .......... .......... .......... .......... .......... 24% 18.6M 2s
 10400K .......... .......... .......... .......... .......... 24% 25.6M 2s
 10450K .......... .......... .......... .......... .......... 24% 43.3M 2s
 10500K .......... .......... .......... .......... .......... 24% 23.2M 2s
 10550K .......... .......... .......... .......... .......... 24% 60.1M 2s
 10600K .......... .......... .......... .......... .......... 24% 23.2M 2s
 10650K .......... .......... .......... .......... .......... 25% 56.0M 2s
 10700K .......... .......... .......... .......... .......... 25% 23.4M 2s
 10750K .......... .......... .......... .......... .......... 25% 59.3M 2s
 10800K .......... .......... .......... .......... .......... 25% 20.8M 1s
 10850K .......... .......... .......... .......... .......... 25% 15.2M 1s
 10900K .......... .......... .......... .......... .......... 25% 64.6M 1s
 10950K .......... .......... .......... .......... .......... 25% 17.8M 1s
 11000K .......... .......... .......... .......... .......... 25% 41.9M 1s
 11050K .......... .......... .......... .......... .......... 25% 34.9M 1s
 11100K .......... .......... .......... .......... .......... 26% 37.4M 1s
 11150K .......... .......... .......... .......... .......... 26% 19.7M 1s
 11200K .......... .......... .......... .......... .......... 26% 40.1M 1s
 11250K .......... .......... .......... .......... .......... 26% 20.7M 1s
 11300K .......... .......... .......... .......... .......... 26% 75.1M 1s
 11350K .......... .......... .......... .......... .......... 26% 21.5M 1s
 11400K .......... .......... .......... .......... .......... 26% 34.2M 1s
 11450K .......... .......... .......... .......... .......... 26% 28.4M 1s
 11500K .......... .......... .......... .......... .......... 27% 42.6M 1s
 11550K .......... .......... .......... .......... .......... 27% 31.5M 1s
 11600K .......... .......... .......... .......... .......... 27% 35.0M 1s
 11650K .......... .......... .......... .......... .......... 27% 26.4M 1s
 11700K .......... .......... .......... .......... .......... 27% 23.8M 1s
 11750K .......... .......... .......... .......... .......... 27% 59.5M 1s
 11800K .......... .......... .......... .......... .......... 27% 41.1M 1s
 11850K .......... .......... .......... .......... .......... 27% 27.2M 1s
 11900K .......... .......... .......... .......... .......... 27% 24.2M 1s
 11950K .......... .......... .......... .......... .......... 28% 63.8M 1s
 12000K .......... .......... .......... .......... .......... 28% 23.4M 1s
 12050K .......... .......... .......... .......... .......... 28% 28.6M 1s
 12100K .......... .......... .......... .......... .......... 28% 38.0M 1s
 12150K .......... .......... .......... .......... .......... 28% 30.0M 1s
 12200K .......... .......... .......... .......... .......... 28% 40.1M 1s
 12250K .......... .......... .......... .......... .......... 28% 29.9M 1s
 12300K .......... .......... .......... .......... .......... 28% 37.2M 1s
 12350K .......... .......... .......... .......... .......... 29% 32.8M 1s
 12400K .......... .......... .......... .......... .......... 29% 33.5M 1s
 12450K .......... .......... .......... .......... .......... 29% 30.6M 1s
 12500K .......... .......... .......... .......... .......... 29% 26.6M 1s
 12550K .......... .......... .......... .......... .......... 29% 44.6M 1s
 12600K .......... .......... .......... .......... .......... 29% 19.1M 1s
 12650K .......... .......... .......... .......... .......... 29% 57.6M 1s
 12700K .......... .......... .......... .......... .......... 29% 24.0M 1s
 12750K .......... .......... .......... .......... .......... 29% 58.0M 1s
 12800K .......... .......... .......... .......... .......... 30% 23.8M 1s
 12850K .......... .......... .......... .......... .......... 30% 50.0M 1s
 12900K .......... .......... .......... .......... .......... 30% 46.2M 1s
 12950K .......... .......... .......... .......... .......... 30% 29.3M 1s
 13000K .......... .......... .......... .......... .......... 30% 51.0M 1s
 13050K .......... .......... .......... .......... .......... 30% 25.4M 1s
 13100K .......... .......... .......... .......... .......... 30% 22.2M 1s
 13150K .......... .......... .......... .......... .......... 30%  119M 1s
 13200K .......... .......... .......... .......... .......... 30% 45.6M 1s
 13250K .......... .......... .......... .......... .......... 31% 20.1M 1s
 13300K .......... .......... .......... .......... .......... 31% 49.4M 1s
 13350K .......... .......... .......... .......... .......... 31% 24.7M 1s
 13400K .......... .......... .......... .......... .......... 31% 46.6M 1s
 13450K .......... .......... .......... .......... .......... 31% 26.9M 1s
 13500K .......... .......... .......... .......... .......... 31% 46.5M 1s
 13550K .......... .......... .......... .......... .......... 31% 30.2M 1s
 13600K .......... .......... .......... .......... .......... 31% 39.0M 1s
 13650K .......... .......... .......... .......... .......... 32% 31.3M 1s
 13700K .......... .......... .......... .......... .......... 32% 32.0M 1s
 13750K .......... .......... .......... .......... .......... 32% 36.0M 1s
 13800K .......... .......... .......... .......... .......... 32% 32.5M 1s
 13850K .......... .......... .......... .......... .......... 32% 25.7M 1s
 13900K .......... .......... .......... .......... .......... 32% 26.8M 1s
 13950K .......... .......... .......... .......... .......... 32% 88.1M 1s
 14000K .......... .......... .......... .......... .......... 32% 16.0M 1s
 14050K .......... .......... .......... .......... .......... 32% 34.4M 1s
 14100K .......... .......... .......... .......... .......... 33% 53.3M 1s
 14150K .......... .......... .......... .......... .......... 33% 40.5M 1s
 14200K .......... .......... .......... .......... .......... 33% 26.3M 1s
 14250K .......... .......... .......... .......... .......... 33% 23.0M 1s
 14300K .......... .......... .......... .......... .......... 33% 39.0M 1s
 14350K .......... .......... .......... .......... .......... 33% 52.1M 1s
 14400K .......... .......... .......... .......... .......... 33% 22.4M 1s
 14450K .......... .......... .......... .......... .......... 33% 24.7M 1s
 14500K .......... .......... .......... .......... .......... 34% 23.1M 1s
 14550K .......... .......... .......... .......... .......... 34% 95.3M 1s
 14600K .......... .......... .......... .......... .......... 34% 26.9M 1s
 14650K .......... .......... .......... .......... .......... 34% 47.5M 1s
 14700K .......... .......... .......... .......... .......... 34% 27.7M 1s
 14750K .......... .......... .......... .......... .......... 34% 54.8M 1s
 14800K .......... .......... .......... .......... .......... 34% 21.7M 1s
 14850K .......... .......... .......... .......... .......... 34% 20.6M 1s
 14900K .......... .......... .......... .......... .......... 34% 26.1M 1s
 14950K .......... .......... .......... .......... .......... 35% 7.59M 1s
 15000K .......... .......... .......... .......... .......... 35% 68.6M 1s
 15050K .......... .......... .......... .......... .......... 35%  431M 1s
 15100K .......... .......... .......... .......... .......... 35% 55.8M 1s
 15150K .......... .......... .......... .......... .......... 35% 35.1M 1s
 15200K .......... .......... .......... .......... .......... 35% 19.3M 1s
 15250K .......... .......... .......... .......... .......... 35% 17.9M 1s
 15300K .......... .......... .......... .......... .......... 35% 38.1M 1s
 15350K .......... .......... .......... .......... .......... 36% 18.8M 1s
 15400K .......... .......... .......... .......... .......... 36% 85.4M 1s
 15450K .......... .......... .......... .......... .......... 36% 18.5M 1s
 15500K .......... .......... .......... .......... .......... 36% 30.1M 1s
 15550K .......... .......... .......... .......... .......... 36% 31.5M 1s
 15600K .......... .......... .......... .......... .......... 36% 20.0M 1s
 15650K .......... .......... .......... .......... .......... 36% 24.2M 1s
 15700K .......... .......... .......... .......... .......... 36% 19.2M 1s
 15750K .......... .......... .......... .......... .......... 36% 29.9M 1s
 15800K .......... .......... .......... .......... .......... 37% 19.0M 1s
 15850K .......... .......... .......... .......... .......... 37% 34.3M 1s
 15900K .......... .......... .......... .......... .......... 37% 18.9M 1s
 15950K .......... .......... .......... .......... .......... 37% 81.2M 1s
 16000K .......... .......... .......... .......... .......... 37% 19.1M 1s
 16050K .......... .......... .......... .......... .......... 37% 32.5M 1s
 16100K .......... .......... .......... .......... .......... 37% 20.4M 1s
 16150K .......... .......... .......... .......... .......... 37% 29.6M 1s
 16200K .......... .......... .......... .......... .......... 38% 38.9M 1s
 16250K .......... .......... .......... .......... .......... 38% 28.4M 1s
 16300K .......... .......... .......... .......... .......... 38% 40.5M 1s
 16350K .......... .......... .......... .......... .......... 38% 27.2M 1s
 16400K .......... .......... .......... .......... .......... 38% 30.6M 1s
 16450K .......... .......... .......... .......... .......... 38% 34.5M 1s
 16500K .......... .......... .......... .......... .......... 38% 26.3M 1s
 16550K .......... .......... .......... .......... .......... 38% 42.4M 1s
 16600K .......... .......... .......... .......... .......... 38% 26.1M 1s
 16650K .......... .......... .......... .......... .......... 39% 42.4M 1s
 16700K .......... .......... .......... .......... .......... 39% 26.5M 1s
 16750K .......... .......... .......... .......... .......... 39% 45.6M 1s
 16800K .......... .......... .......... .......... .......... 39% 19.9M 1s
 16850K .......... .......... .......... .......... .......... 39% 18.3M 1s
 16900K .......... .......... .......... .......... .......... 39% 56.8M 1s
 16950K .......... .......... .......... .......... .......... 39% 24.0M 1s
 17000K .......... .......... .......... .......... .......... 39% 51.4M 1s
 17050K .......... .......... .......... .......... .......... 40% 18.8M 1s
 17100K .......... .......... .......... .......... .......... 40% 52.9M 1s
 17150K .......... .......... .......... .......... .......... 40% 26.1M 1s
 17200K .......... .......... .......... .......... .......... 40% 44.6M 1s
 17250K .......... .......... .......... .......... .......... 40% 18.4M 1s
 17300K .......... .......... .......... .......... .......... 40% 61.2M 1s
 17350K .......... .......... .......... .......... .......... 40% 21.4M 1s
 17400K .......... .......... .......... .......... .......... 40% 56.9M 1s
 17450K .......... .......... .......... .......... .......... 40% 24.1M 1s
 17500K .......... .......... .......... .......... .......... 41% 48.2M 1s
 17550K .......... .......... .......... .......... .......... 41% 22.4M 1s
 17600K .......... .......... .......... .......... .......... 41% 66.0M 1s
 17650K .......... .......... .......... .......... .......... 41% 20.3M 1s
 17700K .......... .......... .......... .......... .......... 41% 79.4M 1s
 17750K .......... .......... .......... .......... .......... 41% 21.5M 1s
 17800K .......... .......... .......... .......... .......... 41% 63.0M 1s
 17850K .......... .......... .......... .......... .......... 41% 21.5M 1s
 17900K .......... .......... .......... .......... .......... 41% 41.7M 1s
 17950K .......... .......... .......... .......... .......... 42% 28.4M 1s
 18000K .......... .......... .......... .......... .......... 42% 40.6M 1s
 18050K .......... .......... .......... .......... .......... 42% 26.0M 1s
 18100K .......... .......... .......... .......... .......... 42% 39.4M 1s
 18150K .......... .......... .......... .......... .......... 42% 29.6M 1s
 18200K .......... .......... .......... .......... .......... 42% 32.2M 1s
 18250K .......... .......... .......... .......... .......... 42% 24.7M 1s
 18300K .......... .......... .......... .......... .......... 42%  113M 1s
 18350K .......... .......... .......... .......... .......... 43% 36.3M 1s
 18400K .......... .......... .......... .......... .......... 43% 29.5M 1s
 18450K .......... .......... .......... .......... .......... 43% 21.5M 1s
 18500K .......... .......... .......... .......... .......... 43% 47.6M 1s
 18550K .......... .......... .......... .......... .......... 43% 30.6M 1s
 18600K .......... .......... .......... .......... .......... 43% 60.0M 1s
 18650K .......... .......... .......... .......... .......... 43% 23.1M 1s
 18700K .......... .......... .......... .......... .......... 43% 44.7M 1s
 18750K .......... .......... .......... .......... .......... 43% 31.2M 1s
 18800K .......... .......... .......... .......... .......... 44% 43.9M 1s
 18850K .......... .......... .......... .......... .......... 44% 22.3M 1s
 18900K .......... .......... .......... .......... .......... 44% 68.6M 1s
 18950K .......... .......... .......... .......... .......... 44% 22.4M 1s
 19000K .......... .......... .......... .......... .......... 44%  105M 1s
 19050K .......... .......... .......... .......... .......... 44% 21.9M 1s
 19100K .......... .......... .......... .......... .......... 44% 71.4M 1s
 19150K .......... .......... .......... .......... .......... 44% 22.3M 1s
 19200K .......... .......... .......... .......... .......... 45% 90.1M 1s
 19250K .......... .......... .......... .......... .......... 45% 19.0M 1s
 19300K .......... .......... .......... .......... .......... 45% 46.4M 1s
 19350K .......... .......... .......... .......... .......... 45% 26.0M 1s
 19400K .......... .......... .......... .......... .......... 45% 30.2M 1s
 19450K .......... .......... .......... .......... .......... 45% 34.2M 1s
 19500K .......... .......... .......... .......... .......... 45% 33.1M 1s
 19550K .......... .......... .......... .......... .......... 45% 41.1M 1s
 19600K .......... .......... .......... .......... .......... 45% 27.9M 1s
 19650K .......... .......... .......... .......... .......... 46% 40.0M 1s
 19700K .......... .......... .......... .......... .......... 46% 20.8M 1s
 19750K .......... .......... .......... .......... .......... 46%  112M 1s
 19800K .......... .......... .......... .......... .......... 46% 56.9M 1s
 19850K .......... .......... .......... .......... .......... 46% 24.3M 1s
 19900K .......... .......... .......... .......... .......... 46% 48.9M 1s
 19950K .......... .......... .......... .......... .......... 46% 28.5M 1s
 20000K .......... .......... .......... .......... .......... 46% 49.1M 1s
 20050K .......... .......... .......... .......... .......... 47% 19.9M 1s
 20100K .......... .......... .......... .......... .......... 47% 51.0M 1s
 20150K .......... .......... .......... .......... .......... 47% 66.3M 1s
 20200K .......... .......... .......... .......... .......... 47% 22.9M 1s
 20250K .......... .......... .......... .......... .......... 47% 87.6M 1s
 20300K .......... .......... .......... .......... .......... 47% 19.9M 1s
 20350K .......... .......... .......... .......... .......... 47% 51.2M 1s
 20400K .......... .......... .......... .......... .......... 47% 37.4M 1s
 20450K .......... .......... .......... .......... .......... 47% 26.4M 1s
 20500K .......... .......... .......... .......... .......... 48% 44.5M 1s
 20550K .......... .......... .......... .......... .......... 48% 30.1M 1s
 20600K .......... .......... .......... .......... .......... 48% 37.2M 1s
 20650K .......... .......... .......... .......... .......... 48% 37.8M 1s
 20700K .......... .......... .......... .......... .......... 48% 77.0M 1s
 20750K .......... .......... .......... .......... .......... 48% 21.9M 1s
 20800K .......... .......... .......... .......... .......... 48% 38.2M 1s
 20850K .......... .......... .......... .......... .......... 48% 25.3M 1s
 20900K .......... .......... .......... .......... .......... 49% 58.0M 1s
 20950K .......... .......... .......... .......... .......... 49% 25.4M 1s
 21000K .......... .......... .......... .......... .......... 49% 33.2M 1s
 21050K .......... .......... .......... .......... .......... 49% 30.3M 1s
 21100K .......... .......... .......... .......... .......... 49%  116M 1s
 21150K .......... .......... .......... .......... .......... 49% 39.8M 1s
 21200K .......... .......... .......... .......... .......... 49% 31.2M 1s
 21250K .......... .......... .......... .......... .......... 49% 34.2M 1s
 21300K .......... .......... .......... .......... .......... 49% 31.7M 1s
 21350K .......... .......... .......... .......... .......... 50% 90.7M 1s
 21400K .......... .......... .......... .......... .......... 50% 29.6M 1s
 21450K .......... .......... .......... .......... .......... 50% 24.7M 1s
 21500K .......... .......... .......... .......... .......... 50% 29.8M 1s
 21550K .......... .......... .......... .......... .......... 50% 29.8M 1s
 21600K .......... .......... .......... .......... .......... 50% 58.4M 1s
 21650K .......... .......... .......... .......... .......... 50% 33.3M 1s
 21700K .......... .......... .......... .......... .......... 50% 33.7M 1s
 21750K .......... .......... .......... .......... .......... 51% 25.3M 1s
 21800K .......... .......... .......... .......... .......... 51% 31.0M 1s
 21850K .......... .......... .......... .......... .......... 51% 55.8M 1s
 21900K .......... .......... .......... .......... .......... 51% 36.7M 1s
 21950K .......... .......... .......... .......... .......... 51% 46.2M 1s
 22000K .......... .......... .......... .......... .......... 51% 34.8M 1s
 22050K .......... .......... .......... .......... .......... 51% 31.0M 1s
 22100K .......... .......... .......... .......... .......... 51% 89.6M 1s
 22150K .......... .......... .......... .......... .......... 51% 29.7M 1s
 22200K .......... .......... .......... .......... .......... 52% 49.5M 1s
 22250K .......... .......... .......... .......... .......... 52% 55.5M 1s
 22300K .......... .......... .......... .......... .......... 52% 29.6M 1s
 22350K .......... .......... .......... .......... .......... 52% 48.3M 1s
 22400K .......... .......... .......... .......... .......... 52% 28.5M 1s
 22450K .......... .......... .......... .......... .......... 52% 41.8M 1s
 22500K .......... .......... .......... .......... .......... 52%  116M 1s
 22550K .......... .......... .......... .......... .......... 52% 29.0M 1s
 22600K .......... .......... .......... .......... .......... 52% 46.7M 1s
 22650K .......... .......... .......... .......... .......... 53% 32.2M 1s
 22700K .......... .......... .......... .......... .......... 53% 41.6M 1s
 22750K .......... .......... .......... .......... .......... 53%  117M 1s
 22800K .......... .......... .......... .......... .......... 53% 30.2M 1s
 22850K .......... .......... .......... .......... .......... 53% 38.9M 1s
 22900K .......... .......... .......... .......... .......... 53% 30.2M 1s
 22950K .......... .......... .......... .......... .......... 53% 43.9M 1s
 23000K .......... .......... .......... .......... .......... 53%  112M 1s
 23050K .......... .......... .......... .......... .......... 54% 27.4M 1s
 23100K .......... .......... .......... .......... .......... 54% 31.7M 1s
 23150K .......... .......... .......... .......... .......... 54% 44.5M 1s
 23200K .......... .......... .......... .......... .......... 54%  131M 1s
 23250K .......... .......... .......... .......... .......... 54% 21.2M 1s
 23300K .......... .......... .......... .......... .......... 54% 40.1M 1s
 23350K .......... .......... .......... .......... .......... 54% 41.9M 1s
 23400K .......... .......... .......... .......... .......... 54% 30.9M 1s
 23450K .......... .......... .......... .......... .......... 54% 93.6M 1s
 23500K .......... .......... .......... .......... .......... 55% 47.4M 1s
 23550K .......... .......... .......... .......... .......... 55% 30.5M 1s
 23600K .......... .......... .......... .......... .......... 55% 42.3M 1s
 23650K .......... .......... .......... .......... .......... 55% 34.9M 1s
 23700K .......... .......... .......... .......... .......... 55% 62.7M 1s
 23750K .......... .......... .......... .......... .......... 55% 29.7M 1s
 23800K .......... .......... .......... .......... .......... 55% 47.7M 1s
 23850K .......... .......... .......... .......... .......... 55% 30.2M 1s
 23900K .......... .......... .......... .......... .......... 56%  114M 1s
 23950K .......... .......... .......... .......... .......... 56% 45.0M 1s
 24000K .......... .......... .......... .......... .......... 56% 30.9M 1s
 24050K .......... .......... .......... .......... .......... 56% 38.1M 1s
 24100K .......... .......... .......... .......... .......... 56% 31.3M 1s
 24150K .......... .......... .......... .......... .......... 56%  132M 1s
 24200K .......... .......... .......... .......... .......... 56% 40.7M 1s
 24250K .......... .......... .......... .......... .......... 56% 31.6M 1s
 24300K .......... .......... .......... .......... .......... 56% 40.3M 1s
 24350K .......... .......... .......... .......... .......... 57% 32.2M 1s
 24400K .......... .......... .......... .......... .......... 57%  105M 1s
 24450K .......... .......... .......... .......... .......... 57% 27.0M 1s
 24500K .......... .......... .......... .......... .......... 57% 46.7M 1s
 24550K .......... .......... .......... .......... .......... 57% 30.0M 1s
 24600K .......... .......... .......... .......... .......... 57% 46.0M 1s
 24650K .......... .......... .......... .......... .......... 57% 72.8M 1s
 24700K .......... .......... .......... .......... .......... 57% 33.8M 1s
 24750K .......... .......... .......... .......... .......... 58% 48.1M 1s
 24800K .......... .......... .......... .......... .......... 58% 30.4M 1s
 24850K .......... .......... .......... .......... .......... 58% 30.5M 1s
 24900K .......... .......... .......... .......... .......... 58%  113M 1s
 24950K .......... .......... .......... .......... .......... 58% 29.1M 1s
 25000K .......... .......... .......... .......... .......... 58% 46.8M 1s
 25050K .......... .......... .......... .......... .......... 58% 79.9M 1s
 25100K .......... .......... .......... .......... .......... 58% 33.1M 1s
 25150K .......... .......... .......... .......... .......... 58% 45.1M 1s
 25200K .......... .......... .......... .......... .......... 59% 30.4M 1s
 25250K .......... .......... .......... .......... .......... 59% 40.6M 1s
 25300K .......... .......... .......... .......... .......... 59%  102M 1s
 25350K .......... .......... .......... .......... .......... 59% 35.9M 1s
 25400K .......... .......... .......... .......... .......... 59% 37.6M 1s
 25450K .......... .......... .......... .......... .......... 59% 93.7M 1s
 25500K .......... .......... .......... .......... .......... 59% 24.6M 1s
 25550K .......... .......... .......... .......... .......... 59%  113M 1s
 25600K .......... .......... .......... .......... .......... 60% 75.9M 1s
 25650K .......... .......... .......... .......... .......... 60% 22.7M 1s
 25700K .......... .......... .......... .......... .......... 60%  104M 1s
 25750K .......... .......... .......... .......... .......... 60% 55.9M 1s
 25800K .......... .......... .......... .......... .......... 60% 30.8M 1s
 25850K .......... .......... .......... .......... .......... 60% 74.8M 1s
 25900K .......... .......... .......... .......... .......... 60% 67.5M 1s
 25950K .......... .......... .......... .......... .......... 60% 25.6M 1s
 26000K .......... .......... .......... .......... .......... 60%  114M 1s
 26050K .......... .......... .......... .......... .......... 61% 48.9M 1s
 26100K .......... .......... .......... .......... .......... 61% 28.1M 1s
 26150K .......... .......... .......... .......... .......... 61% 62.4M 1s
 26200K .......... .......... .......... .......... .......... 61% 24.7M 1s
 26250K .......... .......... .......... .......... .......... 61%  127M 1s
 26300K .......... .......... .......... .......... .......... 61% 44.7M 1s
 26350K .......... .......... .......... .......... .......... 61% 33.7M 1s
 26400K .......... .......... .......... .......... .......... 61% 45.8M 1s
 26450K .......... .......... .......... .......... .......... 61% 57.0M 1s
 26500K .......... .......... .......... .......... .......... 62% 25.2M 1s
 26550K .......... .......... .......... .......... .......... 62%  133M 1s
 26600K .......... .......... .......... .......... .......... 62% 64.8M 1s
 26650K .......... .......... .......... .......... .......... 62% 74.4M 1s
 26700K .......... .......... .......... .......... .......... 62% 24.1M 1s
 26750K .......... .......... .......... .......... .......... 62%  115M 1s
 26800K .......... .......... .......... .......... .......... 62% 92.0M 1s
 26850K .......... .......... .......... .......... .......... 62% 21.0M 1s
 26900K .......... .......... .......... .......... .......... 63%  118M 1s
 26950K .......... .......... .......... .......... .......... 63% 25.7M 1s
 27000K .......... .......... .......... .......... .......... 63%  103M 1s
 27050K .......... .......... .......... .......... .......... 63% 71.1M 1s
 27100K .......... .......... .......... .......... .......... 63% 77.0M 1s
 27150K .......... .......... .......... .......... .......... 63% 25.2M 1s
 27200K .......... .......... .......... .......... .......... 63%  113M 1s
 27250K .......... .......... .......... .......... .......... 63% 66.0M 1s
 27300K .......... .......... .......... .......... .......... 63% 24.5M 1s
 27350K .......... .......... .......... .......... .......... 64% 75.3M 1s
 27400K .......... .......... .......... .......... .......... 64% 74.1M 1s
 27450K .......... .......... .......... .......... .......... 64% 31.8M 1s
 27500K .......... .......... .......... .......... .......... 64% 60.1M 1s
 27550K .......... .......... .......... .......... .......... 64% 71.0M 1s
 27600K .......... .......... .......... .......... .......... 64% 47.3M 1s
 27650K .......... .......... .......... .......... .......... 64% 28.7M 1s
 27700K .......... .......... .......... .......... .......... 64% 96.2M 1s
 27750K .......... .......... .......... .......... .......... 65% 25.9M 1s
 27800K .......... .......... .......... .......... .......... 65% 81.7M 1s
 27850K .......... .......... .......... .......... .......... 65% 24.7M 1s
 27900K .......... .......... .......... .......... .......... 65%  114M 1s
 27950K .......... .......... .......... .......... .......... 65% 66.3M 1s
 28000K .......... .......... .......... .......... .......... 65% 25.1M 1s
 28050K .......... .......... .......... .......... .......... 65% 60.3M 1s
 28100K .......... .......... .......... .......... .......... 65% 78.6M 1s
 28150K .......... .......... .......... .......... .......... 65% 35.5M 1s
 28200K .......... .......... .......... .......... .......... 66% 49.4M 1s
 28250K .......... .......... .......... .......... .......... 66% 65.5M 1s
 28300K .......... .......... .......... .......... .......... 66% 28.1M 1s
 28350K .......... .......... .......... .......... .......... 66%  132M 1s
 28400K .......... .......... .......... .......... .......... 66% 49.7M 1s
 28450K .......... .......... .......... .......... .......... 66% 27.0M 1s
 28500K .......... .......... .......... .......... .......... 66% 66.7M 1s
 28550K .......... .......... .......... .......... .......... 66% 25.4M 0s
 28600K .......... .......... .......... .......... .......... 67% 61.0M 0s
 28650K .......... .......... .......... .......... .......... 67%  118M 0s
 28700K .......... .......... .......... .......... .......... 67% 43.2M 0s
 28750K .......... .......... .......... .......... .......... 67% 31.5M 0s
 28800K .......... .......... .......... .......... .......... 67% 45.4M 0s
 28850K .......... .......... .......... .......... .......... 67% 39.5M 0s
 28900K .......... .......... .......... .......... .......... 67% 57.7M 0s
 28950K .......... .......... .......... .......... .......... 67% 46.1M 0s
 29000K .......... .......... .......... .......... .......... 67% 45.4M 0s
 29050K .......... .......... .......... .......... .......... 68%  110M 0s
 29100K .......... .......... .......... .......... .......... 68% 35.7M 0s
 29150K .......... .......... .......... .......... .......... 68% 37.9M 0s
 29200K .......... .......... .......... .......... .......... 68%  112M 0s
 29250K .......... .......... .......... .......... .......... 68% 21.4M 0s
 29300K .......... .......... .......... .......... .......... 68%  113M 0s
 29350K .......... .......... .......... .......... .......... 68%  112M 0s
 29400K .......... .......... .......... .......... .......... 68% 21.5M 0s
 29450K .......... .......... .......... .......... .......... 69%  113M 0s
 29500K .......... .......... .......... .......... .......... 69% 22.4M 0s
 29550K .......... .......... .......... .......... .......... 69%  132M 0s
 29600K .......... .......... .......... .......... .......... 69%  111M 0s
 29650K .......... .......... .......... .......... .......... 69% 41.6M 0s
 29700K .......... .......... .......... .......... .......... 69% 30.9M 0s
 29750K .......... .......... .......... .......... .......... 69% 58.1M 0s
 29800K .......... .......... .......... .......... .......... 69%  112M 0s
 29850K .......... .......... .......... .......... .......... 69% 26.3M 0s
 29900K .......... .......... .......... .......... .......... 70% 66.5M 0s
 29950K .......... .......... .......... .......... .......... 70% 57.8M 0s
 30000K .......... .......... .......... .......... .......... 70%  203M 0s
 30050K .......... .......... .......... .......... .......... 70% 23.5M 0s
 30100K .......... .......... .......... .......... .......... 70% 62.5M 0s
 30150K .......... .......... .......... .......... .......... 70% 26.5M 0s
 30200K .......... .......... .......... .......... .......... 70% 72.1M 0s
 30250K .......... .......... .......... .......... .......... 70%  110M 0s
 30300K .......... .......... .......... .......... .......... 71%  102M 0s
 30350K .......... .......... .......... .......... .......... 71% 23.3M 0s
 30400K .......... .......... .......... .......... .......... 71%  117M 0s
 30450K .......... .......... .......... .......... .......... 71% 21.1M 0s
 30500K .......... .......... .......... .......... .......... 71%  121M 0s
 30550K .......... .......... .......... .......... .......... 71% 50.3M 0s
 30600K .......... .......... .......... .......... .......... 71% 37.8M 0s
 30650K .......... .......... .......... .......... .......... 71% 40.9M 0s
 30700K .......... .......... .......... .......... .......... 71% 37.2M 0s
 30750K .......... .......... .......... .......... .......... 72%  133M 0s
 30800K .......... .......... .......... .......... .......... 72% 41.3M 0s
 30850K .......... .......... .......... .......... .......... 72% 30.7M 0s
 30900K .......... .......... .......... .......... .......... 72% 9.76M 0s
 30950K .......... .......... .......... .......... .......... 72% 77.1M 0s
 31000K .......... .......... .......... .......... .......... 72% 48.3M 0s
 31050K .......... .......... .......... .......... .......... 72% 29.6M 0s
 31100K .......... .......... .......... .......... .......... 72% 58.1M 0s
 31150K .......... .......... .......... .......... .......... 72% 49.0M 0s
 31200K .......... .......... .......... .......... .......... 73% 51.8M 0s
 31250K .......... .......... .......... .......... .......... 73% 29.8M 0s
 31300K .......... .......... .......... .......... .......... 73% 29.1M 0s
 31350K .......... .......... .......... .......... .......... 73% 25.6M 0s
 31400K .......... .......... .......... .......... .......... 73% 30.1M 0s
 31450K .......... .......... .......... .......... .......... 73% 54.8M 0s
 31500K .......... .......... .......... .......... .......... 73% 32.5M 0s
 31550K .......... .......... .......... .......... .......... 73% 43.1M 0s
 31600K .......... .......... .......... .......... .......... 74% 11.1M 0s
 31650K .......... .......... .......... .......... .......... 74%  468M 0s
 31700K .......... .......... .......... .......... .......... 74%  356M 0s
 31750K .......... .......... .......... .......... .......... 74% 28.5M 0s
 31800K .......... .......... .......... .......... .......... 74% 53.6M 0s
 31850K .......... .......... .......... .......... .......... 74% 23.3M 0s
 31900K .......... .......... .......... .......... .......... 74% 57.8M 0s
 31950K .......... .......... .......... .......... .......... 74% 44.9M 0s
 32000K .......... .......... .......... .......... .......... 74% 28.5M 0s
 32050K .......... .......... .......... .......... .......... 75% 40.6M 0s
 32100K .......... .......... .......... .......... .......... 75% 25.7M 0s
 32150K .......... .......... .......... .......... .......... 75% 41.3M 0s
 32200K .......... .......... .......... .......... .......... 75%  109M 0s
 32250K .......... .......... .......... .......... .......... 75% 26.1M 0s
 32300K .......... .......... .......... .......... .......... 75% 50.3M 0s
 32350K .......... .......... .......... .......... .......... 75% 51.8M 0s
 32400K .......... .......... .......... .......... .......... 75% 20.7M 0s
 32450K .......... .......... .......... .......... .......... 76% 34.7M 0s
 32500K .......... .......... .......... .......... .......... 76% 32.8M 0s
 32550K .......... .......... .......... .......... .......... 76% 41.6M 0s
 32600K .......... .......... .......... .......... .......... 76%  102M 0s
 32650K .......... .......... .......... .......... .......... 76% 29.6M 0s
 32700K .......... .......... .......... .......... .......... 76% 40.5M 0s
 32750K .......... .......... .......... .......... .......... 76% 30.8M 0s
 32800K .......... .......... .......... .......... .......... 76% 40.4M 0s
 32850K .......... .......... .......... .......... .......... 76% 34.4M 0s
 32900K .......... .......... .......... .......... .......... 77% 67.8M 0s
 32950K .......... .......... .......... .......... .......... 77% 42.4M 0s
 33000K .......... .......... .......... .......... .......... 77% 29.7M 0s
 33050K .......... .......... .......... .......... .......... 77% 57.0M 0s
 33100K .......... .......... .......... .......... .......... 77% 68.4M 0s
 33150K .......... .......... .......... .......... .......... 77% 30.2M 0s
 33200K .......... .......... .......... .......... .......... 77% 43.6M 0s
 33250K .......... .......... .......... .......... .......... 77% 27.0M 0s
 33300K .......... .......... .......... .......... .......... 78% 43.3M 0s
 33350K .......... .......... .......... .......... .......... 78%  114M 0s
 33400K .......... .......... .......... .......... .......... 78% 29.1M 0s
 33450K .......... .......... .......... .......... .......... 78% 43.5M 0s
 33500K .......... .......... .......... .......... .......... 78% 31.4M 0s
 33550K .......... .......... .......... .......... .......... 78%  100M 0s
 33600K .......... .......... .......... .......... .......... 78% 37.4M 0s
 33650K .......... .......... .......... .......... .......... 78% 29.8M 0s
 33700K .......... .......... .......... .......... .......... 78% 43.9M 0s
 33750K .......... .......... .......... .......... .......... 79% 28.5M 0s
 33800K .......... .......... .......... .......... .......... 79% 85.4M 0s
 33850K .......... .......... .......... .......... .......... 79% 54.4M 0s
 33900K .......... .......... .......... .......... .......... 79% 26.1M 0s
 33950K .......... .......... .......... .......... .......... 79% 51.8M 0s
 34000K .......... .......... .......... .......... .......... 79%  122M 0s
 34050K .......... .......... .......... .......... .......... 79% 25.3M 0s
 34100K .......... .......... .......... .......... .......... 79% 44.5M 0s
 34150K .......... .......... .......... .......... .......... 80% 29.3M 0s
 34200K .......... .......... .......... .......... .......... 80% 66.5M 0s
 34250K .......... .......... .......... .......... .......... 80% 37.8M 0s
 34300K .......... .......... .......... .......... .......... 80% 41.8M 0s
 34350K .......... .......... .......... .......... .......... 80% 31.0M 0s
 34400K .......... .......... .......... .......... .......... 80% 40.8M 0s
 34450K .......... .......... .......... .......... .......... 80% 29.3M 0s
 34500K .......... .......... .......... .......... .......... 80%  105M 0s
 34550K .......... .......... .......... .......... .......... 80% 42.1M 0s
 34600K .......... .......... .......... .......... .......... 81% 31.8M 0s
 34650K .......... .......... .......... .......... .......... 81% 39.7M 0s
 34700K .......... .......... .......... .......... .......... 81%  132M 0s
 34750K .......... .......... .......... .......... .......... 81% 33.5M 0s
 34800K .......... .......... .......... .......... .......... 81% 37.7M 0s
 34850K .......... .......... .......... .......... .......... 81% 31.0M 0s
 34900K .......... .......... .......... .......... .......... 81% 38.8M 0s
 34950K .......... .......... .......... .......... .......... 81% 33.1M 0s
 35000K .......... .......... .......... .......... .......... 81%  133M 0s
 35050K .......... .......... .......... .......... .......... 82% 41.8M 0s
 35100K .......... .......... .......... .......... .......... 82% 30.1M 0s
 35150K .......... .......... .......... .......... .......... 82% 44.2M 0s
 35200K .......... .......... .......... .......... .......... 82%  114M 0s
 35250K .......... .......... .......... .......... .......... 82% 29.2M 0s
 35300K .......... .......... .......... .......... .......... 82% 40.2M 0s
 35350K .......... .......... .......... .......... .......... 82% 33.1M 0s
 35400K .......... .......... .......... .......... .......... 82% 52.0M 0s
 35450K .......... .......... .......... .......... .......... 83% 74.5M 0s
 35500K .......... .......... .......... .......... .......... 83% 30.5M 0s
 35550K .......... .......... .......... .......... .......... 83% 40.5M 0s
 35600K .......... .......... .......... .......... .......... 83% 32.2M 0s
 35650K .......... .......... .......... .......... .......... 83% 37.0M 0s
 35700K .......... .......... .......... .......... .......... 83%  114M 0s
 35750K .......... .......... .......... .......... .......... 83% 32.1M 0s
 35800K .......... .......... .......... .......... .......... 83% 35.8M 0s
 35850K .......... .......... .......... .......... .......... 83% 32.6M 0s
 35900K .......... .......... .......... .......... .......... 84%  131M 0s
 35950K .......... .......... .......... .......... .......... 84% 34.7M 0s
 36000K .......... .......... .......... .......... .......... 84% 36.5M 0s
 36050K .......... .......... .......... .......... .......... 84% 34.9M 0s
 36100K .......... .......... .......... .......... .......... 84% 30.7M 0s
 36150K .......... .......... .......... .......... .......... 84% 56.7M 0s
 36200K .......... .......... .......... .......... .......... 84% 47.3M 0s
 36250K .......... .......... .......... .......... .......... 84% 27.0M 0s
 36300K .......... .......... .......... .......... .......... 85% 37.7M 0s
 36350K .......... .......... .......... .......... .......... 85%  114M 0s
 36400K .......... .......... .......... .......... .......... 85% 34.1M 0s
 36450K .......... .......... .......... .......... .......... 85% 35.7M 0s
 36500K .......... .......... .......... .......... .......... 85% 42.0M 0s
 36550K .......... .......... .......... .......... .......... 85% 38.1M 0s
 36600K .......... .......... .......... .......... .......... 85%  113M 0s
 36650K .......... .......... .......... .......... .......... 85% 34.5M 0s
 36700K .......... .......... .......... .......... .......... 85% 38.2M 0s
 36750K .......... .......... .......... .......... .......... 86% 40.3M 0s
 36800K .......... .......... .......... .......... .......... 86%  116M 0s
 36850K .......... .......... .......... .......... .......... 86% 31.6M 0s
 36900K .......... .......... .......... .......... .......... 86% 40.6M 0s
 36950K .......... .......... .......... .......... .......... 86% 22.2M 0s
 37000K .......... .......... .......... .......... .......... 86% 49.6M 0s
 37050K .......... .......... .......... .......... .......... 86% 39.8M 0s
 37100K .......... .......... .......... .......... .......... 86% 59.5M 0s
 37150K .......... .......... .......... .......... .......... 87% 48.9M 0s
 37200K .......... .......... .......... .......... .......... 87% 29.7M 0s
 37250K .......... .......... .......... .......... .......... 87% 41.5M 0s
 37300K .......... .......... .......... .......... .......... 87% 99.6M 0s
 37350K .......... .......... .......... .......... .......... 87% 34.4M 0s
 37400K .......... .......... .......... .......... .......... 87% 40.6M 0s
 37450K .......... .......... .......... .......... .......... 87% 31.9M 0s
 37500K .......... .......... .......... .......... .......... 87% 43.6M 0s
 37550K .......... .......... .......... .......... .......... 87% 86.7M 0s
 37600K .......... .......... .......... .......... .......... 88% 27.3M 0s
 37650K .......... .......... .......... .......... .......... 88% 43.1M 0s
 37700K .......... .......... .......... .......... .......... 88% 84.9M 0s
 37750K .......... .......... .......... .......... .......... 88% 24.0M 0s
 37800K .......... .......... .......... .......... .......... 88%  114M 0s
 37850K .......... .......... .......... .......... .......... 88% 79.9M 0s
 37900K .......... .......... .......... .......... .......... 88% 23.4M 0s
 37950K .......... .......... .......... .......... .......... 88% 81.7M 0s
 38000K .......... .......... .......... .......... .......... 89%  129M 0s
 38050K .......... .......... .......... .......... .......... 89% 24.2M 0s
 38100K .......... .......... .......... .......... .......... 89% 59.1M 0s
 38150K .......... .......... .......... .......... .......... 89% 42.9M 0s
 38200K .......... .......... .......... .......... .......... 89% 28.0M 0s
 38250K .......... .......... .......... .......... .......... 89% 96.4M 0s
 38300K .......... .......... .......... .......... .......... 89% 61.0M 0s
 38350K .......... .......... .......... .......... .......... 89% 26.5M 0s
 38400K .......... .......... .......... .......... .......... 89% 56.6M 0s
 38450K .......... .......... .......... .......... .......... 90% 28.3M 0s
 38500K .......... .......... .......... .......... .......... 90%  113M 0s
 38550K .......... .......... .......... .......... .......... 90% 45.2M 0s
 38600K .......... .......... .......... .......... .......... 90% 29.4M 0s
 38650K .......... .......... .......... .......... .......... 90%  121M 0s
 38700K .......... .......... .......... .......... .......... 90% 55.4M 0s
 38750K .......... .......... .......... .......... .......... 90% 23.4M 0s
 38800K .......... .......... .......... .......... .......... 90% 98.2M 0s
 38850K .......... .......... .......... .......... .......... 91% 25.9M 0s
 38900K .......... .......... .......... .......... .......... 91% 50.1M 0s
 38950K .......... .......... .......... .......... .......... 91%  102M 0s
 39000K .......... .......... .......... .......... .......... 91% 79.5M 0s
 39050K .......... .......... .......... .......... .......... 91% 24.3M 0s
 39100K .......... .......... .......... .......... .......... 91% 38.9M 0s
 39150K .......... .......... .......... .......... .......... 91% 26.4M 0s
 39200K .......... .......... .......... .......... .......... 91%  521M 0s
 39250K .......... .......... .......... .......... .......... 91% 41.4M 0s
 39300K .......... .......... .......... .......... .......... 92% 28.0M 0s
 39350K .......... .......... .......... .......... .......... 92% 35.9M 0s
 39400K .......... .......... .......... .......... .......... 92% 66.9M 0s
 39450K .......... .......... .......... .......... .......... 92% 76.8M 0s
 39500K .......... .......... .......... .......... .......... 92% 30.0M 0s
 39550K .......... .......... .......... .......... .......... 92%  114M 0s
 39600K .......... .......... .......... .......... .......... 92% 42.6M 0s
 39650K .......... .......... .......... .......... .......... 92% 27.2M 0s
 39700K .......... .......... .......... .......... .......... 92% 97.3M 0s
 39750K .......... .......... .......... .......... .......... 93% 33.2M 0s
 39800K .......... .......... .......... .......... .......... 93% 46.2M 0s
 39850K .......... .......... .......... .......... .......... 93% 22.7M 0s
 39900K .......... .......... .......... .......... .......... 93%  104M 0s
 39950K .......... .......... .......... .......... .......... 93% 81.9M 0s
 40000K .......... .......... .......... .......... .......... 93% 25.1M 0s
 40050K .......... .......... .......... .......... .......... 93% 40.8M 0s
 40100K .......... .......... .......... .......... .......... 93% 54.9M 0s
 40150K .......... .......... .......... .......... .......... 94% 47.8M 0s
 40200K .......... .......... .......... .......... .......... 94% 30.1M 0s
 40250K .......... .......... .......... .......... .......... 94% 57.5M 0s
 40300K .......... .......... .......... .......... .......... 94% 27.6M 0s
 40350K .......... .......... .......... .......... .......... 94%  114M 0s
 40400K .......... .......... .......... .......... .......... 94% 66.9M 0s
 40450K .......... .......... .......... .......... .......... 94% 29.5M 0s
 40500K .......... .......... .......... .......... .......... 94% 45.3M 0s
 40550K .......... .......... .......... .......... .......... 94% 56.1M 0s
 40600K .......... .......... .......... .......... .......... 95% 62.4M 0s
 40650K .......... .......... .......... .......... .......... 95% 6.57M 0s
 40700K .......... .......... .......... .......... .......... 95% 17.4M 0s
 40750K .......... .......... .......... .......... .......... 95%  114M 0s
 40800K .......... .......... .......... .......... .......... 95%  132M 0s
 40850K .......... .......... .......... .......... .......... 95% 26.0M 0s
 40900K .......... .......... .......... .......... .......... 95% 61.0M 0s
 40950K .......... .......... .......... .......... .......... 95% 62.5M 0s
 41000K .......... .......... .......... .......... .......... 96%  114M 0s
 41050K .......... .......... .......... .......... .......... 96% 30.7M 0s
 41100K .......... .......... .......... .......... .......... 96% 47.9M 0s
 41150K .......... .......... .......... .......... .......... 96%  132M 0s
 41200K .......... .......... .......... .......... .......... 96% 23.7M 0s
 41250K .......... .......... .......... .......... .......... 96% 77.6M 0s
 41300K .......... .......... .......... .......... .......... 96%  113M 0s
 41350K .......... .......... .......... .......... .......... 96% 66.7M 0s
 41400K .......... .......... .......... .......... .......... 96% 26.1M 0s
 41450K .......... .......... .......... .......... .......... 97% 64.5M 0s
 41500K .......... .......... .......... .......... .......... 97%  132M 0s
 41550K .......... .......... .......... .......... .......... 97% 26.3M 0s
 41600K .......... .......... .......... .......... .......... 97% 35.1M 0s
 41650K .......... .......... .......... .......... .......... 97% 37.9M 0s
 41700K .......... .......... .......... .......... .......... 97% 30.8M 0s
 41750K .......... .......... .......... .......... .......... 97%  114M 0s
 41800K .......... .......... .......... .......... .......... 97% 85.3M 0s
 41850K .......... .......... .......... .......... .......... 98% 73.4M 0s
 41900K .......... .......... .......... .......... .......... 98% 25.4M 0s
 41950K .......... .......... .......... .......... .......... 98%  113M 0s
 42000K .......... .......... .......... .......... .......... 98% 78.2M 0s
 42050K .......... .......... .......... .......... .......... 98% 26.1M 0s
 42100K .......... .......... .......... .......... .......... 98% 63.8M 0s
 42150K .......... .......... .......... .......... .......... 98%  113M 0s
 42200K .......... .......... .......... .......... .......... 98% 67.7M 0s
 42250K .......... .......... .......... .......... .......... 98% 26.7M 0s
 42300K .......... .......... .......... .......... .......... 99%  110M 0s
 42350K .......... .......... .......... .......... .......... 99% 38.1M 0s
 42400K .......... .......... .......... .......... .......... 99% 67.4M 0s
 42450K .......... .......... .......... .......... .......... 99% 46.9M 0s
 42500K .......... .......... .......... .......... .......... 99% 36.5M 0s
 42550K .......... .......... .......... .......... .......... 99% 39.1M 0s
 42600K .......... .......... .......... .......... .......... 99% 39.1M 0s
 42650K .......... .......... .......... .......... .......... 99% 37.5M 0s
 42700K .......... .......... .......... .......... ...       100%  157M=1.3s

2020-06-09 21:19:22 (31.0 MB/s) - ‘scored_fasta.fa’ saved [43769827/43769827]

